<?xml version="1.0" encoding="UTF-8"?>
<testsuite name="com.example.TugasBesar.TugasBesarApplicationTests" tests="1" skipped="0" failures="0" errors="0" timestamp="2025-01-11T14:32:14" hostname="LEGION-YOO" time="0.721">
  <properties/>
  <testcase name="contextLoads()" classname="com.example.TugasBesar.TugasBesarApplicationTests" time="0.721"/>
  <system-out><![CDATA[21:32:09.093 [Test worker] INFO org.springframework.test.context.support.AnnotationConfigContextLoaderUtils -- Could not detect default configuration classes for test class [com.example.TugasBesar.TugasBesarApplicationTests]: TugasBesarApplicationTests does not declare any static, non-private, non-final, nested classes annotated with @Configuration.
21:32:09.242 [Test worker] INFO org.springframework.boot.test.context.SpringBootTestContextBootstrapper -- Found @SpringBootConfiguration com.example.TugasBesar.TugasBesarApplication for test class com.example.TugasBesar.TugasBesarApplicationTests

  .   ____          _            __ _ _
 /\\ / ___'_ __ _ _(_)_ __  __ _ \ \ \ \
( ( )\___ | '_ | '_| | '_ \/ _` | \ \ \ \
 \\/  ___)| |_)| | | | | || (_| |  ) ) ) )
  '  |____| .__|_| |_|_| |_\__, | / / / /
 =========|_|==============|___/=/_/_/_/

 :: Spring Boot ::                (v3.4.0)

2025-01-11T21:32:09.781+07:00  INFO 33752 --- [TubesPBW] [    Test worker] c.e.T.TugasBesarApplicationTests         : Starting TugasBesarApplicationTests using Java 17.0.6 with PID 33752 (started by Rio in C:\Users\Rio\Desktop\KULIAH\Sem 5\2. PBW\FINAL TUBES WOI\TubesPBW)
2025-01-11T21:32:09.784+07:00  INFO 33752 --- [TubesPBW] [    Test worker] c.e.T.TugasBesarApplicationTests         : No active profile set, falling back to 1 default profile: "default"
2025-01-11T21:32:10.862+07:00  INFO 33752 --- [TubesPBW] [    Test worker] .s.d.r.c.RepositoryConfigurationDelegate : Bootstrapping Spring Data JPA repositories in DEFAULT mode.
2025-01-11T21:32:10.907+07:00  INFO 33752 --- [TubesPBW] [    Test worker] .s.d.r.c.RepositoryConfigurationDelegate : Finished Spring Data repository scanning in 28 ms. Found 0 JPA repository interfaces.
2025-01-11T21:32:11.701+07:00  INFO 33752 --- [TubesPBW] [    Test worker] o.hibernate.jpa.internal.util.LogHelper  : HHH000204: Processing PersistenceUnitInfo [name: default]
2025-01-11T21:32:11.842+07:00  INFO 33752 --- [TubesPBW] [    Test worker] org.hibernate.Version                    : HHH000412: Hibernate ORM core version 6.6.2.Final
2025-01-11T21:32:11.897+07:00  INFO 33752 --- [TubesPBW] [    Test worker] o.h.c.internal.RegionFactoryInitiator    : HHH000026: Second-level cache disabled
2025-01-11T21:32:12.326+07:00  INFO 33752 --- [TubesPBW] [    Test worker] o.s.o.j.p.SpringPersistenceUnitInfo      : No LoadTimeWeaver setup: ignoring JPA class transformer
2025-01-11T21:32:12.678+07:00  INFO 33752 --- [TubesPBW] [    Test worker] org.hibernate.orm.connections.pooling    : HHH10001005: Database info:
	Database JDBC URL [Connecting through datasource 'org.springframework.jdbc.datasource.DriverManagerDataSource@71a4f441']
	Database driver: undefined/unknown
	Database version: 17.1
	Autocommit mode: undefined/unknown
	Isolation level: undefined/unknown
	Minimum pool size: undefined/unknown
	Maximum pool size: undefined/unknown
2025-01-11T21:32:13.291+07:00  INFO 33752 --- [TubesPBW] [    Test worker] o.h.e.t.j.p.i.JtaPlatformInitiator       : HHH000489: No JTA platform available (set 'hibernate.transaction.jta.platform' to enable JTA platform integration)
2025-01-11T21:32:13.297+07:00  INFO 33752 --- [TubesPBW] [    Test worker] j.LocalContainerEntityManagerFactoryBean : Initialized JPA EntityManagerFactory for persistence unit 'default'
2025-01-11T21:32:13.761+07:00  WARN 33752 --- [TubesPBW] [    Test worker] JpaBaseConfiguration$JpaWebConfiguration : spring.jpa.open-in-view is enabled by default. Therefore, database queries may be performed during view rendering. Explicitly configure spring.jpa.open-in-view to disable this warning
2025-01-11T21:32:14.461+07:00  INFO 33752 --- [TubesPBW] [    Test worker] c.e.T.TugasBesarApplicationTests         : Started TugasBesarApplicationTests in 5.036 seconds (process running for 6.495)
]]></system-out>
  <system-err><![CDATA[]]></system-err>
</testsuite>
