<?xml version="1.0" encoding="UTF-8"?>
<testsuite name="com.example.TugasBesar.TugasBesarApplicationTests" tests="1" skipped="0" failures="0" errors="0" timestamp="2024-12-18T16:50:41" hostname="LEGION-YOO" time="0.787">
  <properties/>
  <testcase name="contextLoads()" classname="com.example.TugasBesar.TugasBesarApplicationTests" time="0.787"/>
  <system-out><![CDATA[23:50:38.144 [Test worker] INFO org.springframework.test.context.support.AnnotationConfigContextLoaderUtils -- Could not detect default configuration classes for test class [com.example.TugasBesar.TugasBesarApplicationTests]: TugasBesarApplicationTests does not declare any static, non-private, non-final, nested classes annotated with @Configuration.
23:50:38.335 [Test worker] INFO org.springframework.boot.test.context.SpringBootTestContextBootstrapper -- Found @SpringBootConfiguration com.example.TugasBesar.TugasBesarApplication for test class com.example.TugasBesar.TugasBesarApplicationTests

  .   ____          _            __ _ _
 /\\ / ___'_ __ _ _(_)_ __  __ _ \ \ \ \
( ( )\___ | '_ | '_| | '_ \/ _` | \ \ \ \
 \\/  ___)| |_)| | | | | || (_| |  ) ) ) )
  '  |____| .__|_| |_|_| |_\__, | / / / /
 =========|_|==============|___/=/_/_/_/

 :: Spring Boot ::                (v3.4.0)

2024-12-18T23:50:38.829+07:00  INFO 31400 --- [TubesPBW] [    Test worker] c.e.T.TugasBesarApplicationTests         : Starting TugasBesarApplicationTests using Java 21.0.1 with PID 31400 (started by Rio in C:\Users\Rio\Desktop\KULIAH\Sem 5\2. PBW\TubesPBW\TubesPBW)
2024-12-18T23:50:38.831+07:00  INFO 31400 --- [TubesPBW] [    Test worker] c.e.T.TugasBesarApplicationTests         : No active profile set, falling back to 1 default profile: "default"
2024-12-18T23:50:41.001+07:00  INFO 31400 --- [TubesPBW] [    Test worker] c.e.T.TugasBesarApplicationTests         : Started TugasBesarApplicationTests in 2.443 seconds (process running for 3.827)
]]></system-out>
  <system-err><![CDATA[Mockito is currently self-attaching to enable the inline-mock-maker. This will no longer work in future releases of the JDK. Please add Mockito as an agent to your build what is described in Mockito's documentation: https://javadoc.io/doc/org.mockito/mockito-core/latest/org/mockito/Mockito.html#0.3
WARNING: A Java agent has been loaded dynamically (C:\Users\Rio\.gradle\caches\modules-2\files-2.1\net.bytebuddy\byte-buddy-agent\1.15.10\e8eb255b2c378b9a6c7341e7b0e12f0a5636377\byte-buddy-agent-1.15.10.jar)
WARNING: If a serviceability tool is in use, please run with -XX:+EnableDynamicAgentLoading to hide this warning
WARNING: If a serviceability tool is not in use, please run with -Djdk.instrument.traceUsage for more information
WARNING: Dynamic loading of agents will be disallowed by default in a future release
]]></system-err>
</testsuite>
