<?xml version="1.0" encoding="UTF-8"?>
<testsuite name="com.example.TugasBesar.TugasBesarApplicationTests" tests="1" skipped="0" failures="0" errors="0" timestamp="2024-12-12T07:56:24" hostname="HP-ENVY" time="2.644">
  <properties/>
  <testcase name="contextLoads()" classname="com.example.TugasBesar.TugasBesarApplicationTests" time="2.644"/>
  <system-out><![CDATA[14:56:16.134 [Test worker] INFO org.springframework.test.context.support.AnnotationConfigContextLoaderUtils -- Could not detect default configuration classes for test class [com.example.TugasBesar.TugasBesarApplicationTests]: TugasBesarApplicationTests does not declare any static, non-private, non-final, nested classes annotated with @Configuration.
14:56:16.498 [Test worker] INFO org.springframework.boot.test.context.SpringBootTestContextBootstrapper -- Found @SpringBootConfiguration com.example.TugasBesar.TugasBesarApplication for test class com.example.TugasBesar.TugasBesarApplicationTests

  .   ____          _            __ _ _
 /\\ / ___'_ __ _ _(_)_ __  __ _ \ \ \ \
( ( )\___ | '_ | '_| | '_ \/ _` | \ \ \ \
 \\/  ___)| |_)| | | | | || (_| |  ) ) ) )
  '  |____| .__|_| |_|_| |_\__, | / / / /
 =========|_|==============|___/=/_/_/_/

 :: Spring Boot ::                (v3.4.0)

2024-12-12T14:56:17.618+07:00  INFO 23704 --- [TubesPBW] [    Test worker] c.e.T.TugasBesarApplicationTests         : Starting TugasBesarApplicationTests using Java 17.0.6 with PID 23704 (started by ALBERT in C:\Users\ALBERT\Documents\TubesPBW)
2024-12-12T14:56:17.623+07:00  INFO 23704 --- [TubesPBW] [    Test worker] c.e.T.TugasBesarApplicationTests         : No active profile set, falling back to 1 default profile: "default"
2024-12-12T14:56:24.167+07:00  INFO 23704 --- [TubesPBW] [    Test worker] c.e.T.TugasBesarApplicationTests         : Started TugasBesarApplicationTests in 7.178 seconds (process running for 10.709)
]]></system-out>
  <system-err><![CDATA[]]></system-err>
</testsuite>
