<?xml version="1.0" encoding="UTF-8"?>
<testsuite name="com.example.TugasBesar.TugasBesarApplicationTests" tests="1" skipped="0" failures="0" errors="0" timestamp="2024-12-04T15:00:43" hostname="JAY" time="0.898">
  <properties/>
  <testcase name="contextLoads()" classname="com.example.TugasBesar.TugasBesarApplicationTests" time="0.898"/>
  <system-out><![CDATA[22:00:40.713 [Test worker] INFO org.springframework.test.context.support.AnnotationConfigContextLoaderUtils -- Could not detect default configuration classes for test class [com.example.TugasBesar.TugasBesarApplicationTests]: TugasBesarApplicationTests does not declare any static, non-private, non-final, nested classes annotated with @Configuration.
22:00:40.834 [Test worker] INFO org.springframework.boot.test.context.SpringBootTestContextBootstrapper -- Found @SpringBootConfiguration com.example.TugasBesar.TugasBesarApplication for test class com.example.TugasBesar.TugasBesarApplicationTests

  .   ____          _            __ _ _
 /\\ / ___'_ __ _ _(_)_ __  __ _ \ \ \ \
( ( )\___ | '_ | '_| | '_ \/ _` | \ \ \ \
 \\/  ___)| |_)| | | | | || (_| |  ) ) ) )
  '  |____| .__|_| |_|_| |_\__, | / / / /
 =========|_|==============|___/=/_/_/_/

 :: Spring Boot ::                (v3.4.0)

2024-12-04T22:00:41.277+07:00  INFO 19744 --- [TubesPBW] [    Test worker] c.e.T.TugasBesarApplicationTests         : Starting TugasBesarApplicationTests using Java 17.0.12 with PID 19744 (started by Jay in C:\Users\Jay\Desktop\Programming\Pemograman Berbasis Web\Tugas Besar PBW\TubesPBW)
2024-12-04T22:00:41.279+07:00  INFO 19744 --- [TubesPBW] [    Test worker] c.e.T.TugasBesarApplicationTests         : No active profile set, falling back to 1 default profile: "default"
2024-12-04T22:00:43.207+07:00  WARN 19744 --- [TubesPBW] [    Test worker] .s.s.UserDetailsServiceAutoConfiguration : 

Using generated security password: ba3d285b-ec22-4aa0-8928-d0ce2470cbd2

This generated password is for development use only. Your security configuration must be updated before running your application in production.

2024-12-04T22:00:43.221+07:00  INFO 19744 --- [TubesPBW] [    Test worker] r$InitializeUserDetailsManagerConfigurer : Global AuthenticationManager configured with UserDetailsService bean with name inMemoryUserDetailsManager
2024-12-04T22:00:43.521+07:00  INFO 19744 --- [TubesPBW] [    Test worker] c.e.T.TugasBesarApplicationTests         : Started TugasBesarApplicationTests in 2.526 seconds (process running for 3.786)
]]></system-out>
  <system-err><![CDATA[]]></system-err>
</testsuite>
